<?xml version="1.0" encoding="utf-8"?><testsuites name="pytest tests"><testsuite name="pytest" errors="0" failures="0" skipped="0" tests="31" time="5.332" timestamp="2026-06-12T17:34:36.243797+00:00" hostname="agent-env-b6d7bdb2-95ff-4967-bb3e-c5d531678075"><testcase classname="backend.tests.backend_test.TestMeta" name="test_root_meta" time="0.318" /><testcase classname="backend.tests.backend_test.TestAuth" name="test_signup_returns_token_and_user" time="0.278" /><testcase classname="backend.tests.backend_test.TestAuth" name="test_signup_duplicate_returns_409" time="0.046" /><testcase classname="backend.tests.backend_test.TestAuth" name="test_login_success" time="0.269" /><testcase classname="backend.tests.backend_test.TestAuth" name="test_login_wrong_password" time="0.268" /><testcase classname="backend.tests.backend_test.TestAuth" name="test_me_with_token" time="0.046" /><testcase classname="backend.tests.backend_test.TestAuth" name="test_me_without_token" time="0.043" /><testcase classname="backend.tests.backend_test.TestUsage" name="test_usage_bump_increments" time="0.094" /><testcase classname="backend.tests.backend_test.TestUsage" name="test_usage_bump_unauth" time="0.049" /><testcase classname="backend.tests.backend_test.TestPayments" name="test_checkout_creates_session" time="0.579" /><testcase classname="backend.tests.backend_test.TestPayments" name="test_checkout_status_no_crash" time="0.265" /><testcase classname="backend.tests.backend_test.TestPayments" name="test_webhook_bad_signature" time="0.098" /><testcase classname="backend.tests.backend_test.TestEmailVerification" name="test_signup_inserts_verify_token" time="0.002" /><testcase classname="backend.tests.backend_test.TestEmailVerification" name="test_verify_email_invalid_token" time="0.049" /><testcase classname="backend.tests.backend_test.TestEmailVerification" name="test_verify_email_success_and_me_flips" time="0.094" /><testcase classname="backend.tests.backend_test.TestEmailVerification" name="test_verify_email_reuse_rejected" time="0.048" /><testcase classname="backend.tests.backend_test.TestEmailVerification" name="test_resend_verification_already_verified" time="0.046" /><testcase classname="backend.tests.backend_test.TestEmailVerification" name="test_resend_verification_unauth" time="0.047" /><testcase classname="backend.tests.backend_test.TestEmailVerification" name="test_resend_verification_inserts_new_token_for_unverified" time="0.322" /><testcase classname="backend.tests.backend_test.TestPasswordReset" name="test_forgot_password_unknown_email_returns_ok" time="0.047" /><testcase classname="backend.tests.backend_test.TestPasswordReset" name="test_forgot_password_known_inserts_token" time="0.048" /><testcase classname="backend.tests.backend_test.TestPasswordReset" name="test_reset_password_invalid_token" time="0.045" /><testcase classname="backend.tests.backend_test.TestPasswordReset" name="test_reset_password_success_then_login_with_new_pw" time="0.856" /><testcase classname="backend.tests.backend_test.TestAdmin" name="test_admin_flag_set_on_seeded_email" time="0.313" /><testcase classname="backend.tests.backend_test.TestAdmin" name="test_stats_non_admin_403" time="0.045" /><testcase classname="backend.tests.backend_test.TestAdmin" name="test_stats_admin_success" time="0.047" /><testcase classname="backend.tests.backend_test.TestAdmin" name="test_users_non_admin_403" time="0.049" /><testcase classname="backend.tests.backend_test.TestAdmin" name="test_users_admin_success_no_password_hash" time="0.048" /><testcase classname="backend.tests.backend_test.TestSignupResilience" name="test_signup_never_500s" time="0.540" /><testcase classname="backend.tests.backend_test.TestSignupResilience" name="test_forgot_password_never_500s" time="0.055" /><testcase classname="backend.tests.backend_test.TestAccountDelete" name="test_delete_account" time="0.093" /></testsuite></testsuites>