<?xml version="1.0" encoding="utf-8"?><testsuites name="pytest tests"><testsuite name="pytest" errors="0" failures="0" skipped="0" tests="13" time="2.333" timestamp="2026-06-12T08:08:58.471750+00:00" hostname="agent-env-b6d7bdb2-95ff-4967-bb3e-c5d531678075"><testcase classname="backend.tests.backend_test.TestMeta" name="test_root_meta" time="0.144" /><testcase classname="backend.tests.backend_test.TestAuth" name="test_signup_returns_token_and_user" time="0.275" /><testcase classname="backend.tests.backend_test.TestAuth" name="test_signup_duplicate_returns_409" time="0.045" /><testcase classname="backend.tests.backend_test.TestAuth" name="test_login_success" time="0.267" /><testcase classname="backend.tests.backend_test.TestAuth" name="test_login_wrong_password" time="0.271" /><testcase classname="backend.tests.backend_test.TestAuth" name="test_me_with_token" time="0.046" /><testcase classname="backend.tests.backend_test.TestAuth" name="test_me_without_token" time="0.043" /><testcase classname="backend.tests.backend_test.TestUsage" name="test_usage_bump_increments" time="0.090" /><testcase classname="backend.tests.backend_test.TestUsage" name="test_usage_bump_unauth" time="0.043" /><testcase classname="backend.tests.backend_test.TestPayments" name="test_checkout_creates_session" time="0.562" /><testcase classname="backend.tests.backend_test.TestPayments" name="test_checkout_status_no_crash" time="0.292" /><testcase classname="backend.tests.backend_test.TestPayments" name="test_webhook_bad_signature" time="0.096" /><testcase classname="backend.tests.backend_test.TestAccountDelete" name="test_delete_account" time="0.088" /></testsuite></testsuites>